c:\users\dimio\onedrive\documentos\ufms\computação gráfica\cg\cg\p4\build\vs2019\x64\debug\vc142.pdb
c:\users\dimio\onedrive\documentos\ufms\computação gráfica\cg\cg\p4\build\vs2019\x64\debug\vc142.idb
c:\users\dimio\onedrive\documentos\ufms\computação gráfica\cg\cg\p4\build\vs2019\x64\debug\transform.obj
c:\users\dimio\onedrive\documentos\ufms\computação gráfica\cg\cg\p4\build\vs2019\x64\debug\sceneobjectlist.obj
c:\users\dimio\onedrive\documentos\ufms\computação gráfica\cg\cg\p4\build\vs2019\x64\debug\sceneobject.obj
c:\users\dimio\onedrive\documentos\ufms\computação gráfica\cg\cg\p4\build\vs2019\x64\debug\sceneeditor.obj
c:\users\dimio\onedrive\documentos\ufms\computação gráfica\cg\cg\p4\build\vs2019\x64\debug\renderer.obj
c:\users\dimio\onedrive\documentos\ufms\computação gráfica\cg\cg\p4\build\vs2019\x64\debug\raytracer.obj
c:\users\dimio\onedrive\documentos\ufms\computação gráfica\cg\cg\p4\build\vs2019\x64\debug\primitive.obj
c:\users\dimio\onedrive\documentos\ufms\computação gráfica\cg\cg\p4\build\vs2019\x64\debug\p4.obj
c:\users\dimio\onedrive\documentos\ufms\computação gráfica\cg\cg\p4\build\vs2019\x64\debug\main.obj
c:\users\dimio\onedrive\documentos\ufms\computação gráfica\cg\cg\p4\build\vs2019\x64\debug\glrenderer.obj
c:\users\dimio\onedrive\documentos\ufms\computação gráfica\cg\cg\p4\build\vs2019\x64\debug\componentcollection.obj
c:\users\dimio\onedrive\documentos\ufms\computação gráfica\cg\cg\p4\build\vs2019\x64\debug\camera.obj
c:\users\dimio\onedrive\documentos\ufms\computação gráfica\cg\cg\p4\build\vs2019\x64\debug\assets.obj
c:\users\dimio\onedrive\documentos\ufms\computação gráfica\cg\cg\p4\build\vs2019\x64\debug\bvh.obj
c:\users\dimio\onedrive\documentos\ufms\computação gráfica\cg\cg\p4\p4.exe
c:\users\dimio\onedrive\documentos\ufms\computação gráfica\cg\cg\p4\p4.ilk
c:\users\dimio\onedrive\documentos\ufms\computação gráfica\cg\cg\p4\p4.pdb
c:\users\dimio\onedrive\documentos\ufms\computação gráfica\cg\cg\p4\build\vs2019\x64\debug\raytracer.obj.enc
c:\users\dimio\onedrive\documentos\ufms\computação gráfica\cg\cg\p4\build\vs2019\..\..\p4.pdb
c:\users\dimio\onedrive\documentos\ufms\computação gráfica\cg\cg\p4\build\vs2019\..\..\p4.exe
c:\users\dimio\onedrive\documentos\ufms\computação gráfica\cg\cg\p4\build\vs2019\..\..\p4.ilk
c:\users\dimio\onedrive\documentos\ufms\computação gráfica\cg\cg\p4\build\vs2019\x64\debug\p4.tlog\cl.command.1.tlog
c:\users\dimio\onedrive\documentos\ufms\computação gráfica\cg\cg\p4\build\vs2019\x64\debug\p4.tlog\cl.read.1.tlog
c:\users\dimio\onedrive\documentos\ufms\computação gráfica\cg\cg\p4\build\vs2019\x64\debug\p4.tlog\cl.write.1.tlog
c:\users\dimio\onedrive\documentos\ufms\computação gráfica\cg\cg\p4\build\vs2019\x64\debug\p4.tlog\link.command.1.tlog
c:\users\dimio\onedrive\documentos\ufms\computação gráfica\cg\cg\p4\build\vs2019\x64\debug\p4.tlog\link.read.1.tlog
c:\users\dimio\onedrive\documentos\ufms\computação gráfica\cg\cg\p4\build\vs2019\x64\debug\p4.tlog\link.write.1.tlog
