c:\users\dimio\onedrive\documentos\ufms\computação gráfica\cg\cg\common\build\vs2019\x64\debug\cg.pdb
c:\users\dimio\onedrive\documentos\ufms\computação gráfica\cg\cg\common\build\vs2019\x64\debug\cg.idb
c:\users\dimio\onedrive\documentos\ufms\computação gráfica\cg\cg\common\build\vs2019\x64\debug\gl3w.obj
c:\users\dimio\onedrive\documentos\ufms\computação gráfica\cg\cg\common\build\vs2019\x64\debug\view3.obj
c:\users\dimio\onedrive\documentos\ufms\computação gráfica\cg\cg\common\build\vs2019\x64\debug\trianglemesh.obj
c:\users\dimio\onedrive\documentos\ufms\computação gráfica\cg\cg\common\build\vs2019\x64\debug\nameableobject.obj
c:\users\dimio\onedrive\documentos\ufms\computação gráfica\cg\cg\common\build\vs2019\x64\debug\meshsweeper.obj
c:\users\dimio\onedrive\documentos\ufms\computação gráfica\cg\cg\common\build\vs2019\x64\debug\meshreader.obj
c:\users\dimio\onedrive\documentos\ufms\computação gráfica\cg\cg\common\build\vs2019\x64\debug\image.obj
c:\users\dimio\onedrive\documentos\ufms\computação gráfica\cg\cg\common\build\vs2019\x64\debug\glwindow.obj
c:\users\dimio\onedrive\documentos\ufms\computação gráfica\cg\cg\common\build\vs2019\x64\debug\glprogram.obj
c:\users\dimio\onedrive\documentos\ufms\computação gráfica\cg\cg\common\build\vs2019\x64\debug\glimage.obj
c:\users\dimio\onedrive\documentos\ufms\computação gráfica\cg\cg\common\build\vs2019\x64\debug\glgraphicsbase.obj
c:\users\dimio\onedrive\documentos\ufms\computação gráfica\cg\cg\common\build\vs2019\x64\debug\glgraphics3.obj
c:\users\dimio\onedrive\documentos\ufms\computação gráfica\cg\cg\common\build\vs2019\x64\debug\color.obj
c:\users\dimio\onedrive\documentos\ufms\computação gráfica\cg\cg\common\build\vs2019\x64\debug\application.obj
c:\users\dimio\onedrive\documentos\ufms\computação gráfica\cg\cg\common\build\vs2019\x64\debug\imgui_impl_opengl3.obj
c:\users\dimio\onedrive\documentos\ufms\computação gráfica\cg\cg\common\build\vs2019\x64\debug\imgui_impl_glfw.obj
c:\users\dimio\onedrive\documentos\ufms\computação gráfica\cg\cg\common\build\vs2019\x64\debug\imgui_draw.obj
c:\users\dimio\onedrive\documentos\ufms\computação gráfica\cg\cg\common\build\vs2019\x64\debug\imgui.obj
c:\users\dimio\onedrive\documentos\ufms\computação gráfica\cg\cg\common\lib\cgd.lib
c:\users\dimio\onedrive\documentos\ufms\computação gráfica\cg\cg\common\build\vs2019\..\..\lib\cgd.lib
c:\users\dimio\onedrive\documentos\ufms\computação gráfica\cg\cg\common\build\vs2019\x64\debug\cg.tlog\cl.command.1.tlog
c:\users\dimio\onedrive\documentos\ufms\computação gráfica\cg\cg\common\build\vs2019\x64\debug\cg.tlog\cl.read.1.tlog
c:\users\dimio\onedrive\documentos\ufms\computação gráfica\cg\cg\common\build\vs2019\x64\debug\cg.tlog\cl.write.1.tlog
c:\users\dimio\onedrive\documentos\ufms\computação gráfica\cg\cg\common\build\vs2019\x64\debug\cg.tlog\lib-link.read.1.tlog
c:\users\dimio\onedrive\documentos\ufms\computação gráfica\cg\cg\common\build\vs2019\x64\debug\cg.tlog\lib-link.write.1.tlog
c:\users\dimio\onedrive\documentos\ufms\computação gráfica\cg\cg\common\build\vs2019\x64\debug\cg.tlog\lib.command.1.tlog
